  [1m[35m (13.0ms)[0m  [1m[35mDROP DATABASE IF EXISTS "gift-swap_development"[0m
  [1m[35m (0.3ms)[0m  [1m[35mDROP DATABASE IF EXISTS "gift-swap_test"[0m
  [1m[35m (8.9ms)[0m  [1m[35mCREATE TABLE "schema_migrations" ("version" character varying NOT NULL PRIMARY KEY)[0m
  [1m[35m (49.1ms)[0m  [1m[35mCREATE TABLE "ar_internal_metadata" ("key" character varying NOT NULL PRIMARY KEY, "value" character varying, "created_at" timestamp NOT NULL, "updated_at" timestamp NOT NULL)[0m
  [1m[35m (1.1ms)[0m  [1m[34mSELECT pg_try_advisory_lock(6117931283012641995)[0m
  [1m[35m (0.9ms)[0m  [1m[34mSELECT "schema_migrations"."version" FROM "schema_migrations" ORDER BY "schema_migrations"."version" ASC[0m
Migrating to DeviseCreateUsers (20171109235258)
  [1m[35m (0.3ms)[0m  [1m[35mBEGIN[0m
  [1m[35m (40.5ms)[0m  [1m[35mCREATE TABLE "users" ("id" bigserial primary key, "email" character varying DEFAULT '' NOT NULL, "encrypted_password" character varying DEFAULT '' NOT NULL, "first_name" character varying DEFAULT '', "last_name" character varying DEFAULT '', "reset_password_token" character varying, "reset_password_sent_at" timestamp, "remember_created_at" timestamp, "sign_in_count" integer DEFAULT 0 NOT NULL, "current_sign_in_at" timestamp, "last_sign_in_at" timestamp, "current_sign_in_ip" inet, "last_sign_in_ip" inet, "created_at" timestamp NOT NULL, "updated_at" timestamp NOT NULL)[0m
  [1m[35m (2.1ms)[0m  [1m[35mCREATE UNIQUE INDEX  "index_users_on_email" ON "users"  ("email")[0m
  [1m[35m (1.5ms)[0m  [1m[35mCREATE UNIQUE INDEX  "index_users_on_reset_password_token" ON "users"  ("reset_password_token")[0m
  [1m[35mSQL (1.0ms)[0m  [1m[32mINSERT INTO "schema_migrations" ("version") VALUES ($1) RETURNING "version"[0m  [["version", "20171109235258"]]
  [1m[35m (0.7ms)[0m  [1m[35mCOMMIT[0m
Migrating to CreateEvents (20171110012822)
  [1m[35m (0.5ms)[0m  [1m[35mBEGIN[0m
  [1m[35m (8.9ms)[0m  [1m[35mCREATE TABLE "events" ("id" bigserial primary key, "name" character varying NOT NULL, "description" text NOT NULL, "start_date" date NOT NULL, "end_date" date NOT NULL, "suggested_budget" character varying NOT NULL, "creator_id" integer NOT NULL, "created_at" timestamp NOT NULL, "updated_at" timestamp NOT NULL)[0m
  [1m[35m (2.0ms)[0m  [1m[35mCREATE  INDEX  "index_events_on_creator_id" ON "events"  ("creator_id")[0m
  [1m[35mSQL (0.6ms)[0m  [1m[32mINSERT INTO "schema_migrations" ("version") VALUES ($1) RETURNING "version"[0m  [["version", "20171110012822"]]
  [1m[35m (0.7ms)[0m  [1m[35mCOMMIT[0m
Migrating to CreateParticipations (20171110032755)
  [1m[35m (0.4ms)[0m  [1m[35mBEGIN[0m
  [1m[35m (7.5ms)[0m  [1m[35mCREATE TABLE "participations" ("id" bigserial primary key, "participant_id" integer NOT NULL, "event_id" bigint NOT NULL, "created_at" timestamp NOT NULL, "updated_at" timestamp NOT NULL, CONSTRAINT "fk_rails_bae88c7ffa"
FOREIGN KEY ("event_id")
  REFERENCES "events" ("id")
)[0m
  [1m[35m (1.2ms)[0m  [1m[35mCREATE  INDEX  "index_participations_on_participant_id" ON "participations"  ("participant_id")[0m
  [1m[35m (1.1ms)[0m  [1m[35mCREATE  INDEX  "index_participations_on_event_id" ON "participations"  ("event_id")[0m
  [1m[35mSQL (0.4ms)[0m  [1m[32mINSERT INTO "schema_migrations" ("version") VALUES ($1) RETURNING "version"[0m  [["version", "20171110032755"]]
  [1m[35m (0.6ms)[0m  [1m[35mCOMMIT[0m
Migrating to DeviseCreateAdmins (20171110063319)
  [1m[35m (0.4ms)[0m  [1m[35mBEGIN[0m
  [1m[35m (5.8ms)[0m  [1m[35mCREATE TABLE "admins" ("id" bigserial primary key, "email" character varying DEFAULT '' NOT NULL, "encrypted_password" character varying DEFAULT '' NOT NULL, "first_name" character varying DEFAULT '', "last_name" character varying DEFAULT '', "reset_password_token" character varying, "reset_password_sent_at" timestamp, "remember_created_at" timestamp, "sign_in_count" integer DEFAULT 0 NOT NULL, "current_sign_in_at" timestamp, "last_sign_in_at" timestamp, "current_sign_in_ip" inet, "last_sign_in_ip" inet, "created_at" timestamp NOT NULL, "updated_at" timestamp NOT NULL)[0m
  [1m[35m (1.4ms)[0m  [1m[35mCREATE UNIQUE INDEX  "index_admins_on_email" ON "admins"  ("email")[0m
  [1m[35m (1.2ms)[0m  [1m[35mCREATE UNIQUE INDEX  "index_admins_on_reset_password_token" ON "admins"  ("reset_password_token")[0m
  [1m[35mSQL (0.7ms)[0m  [1m[32mINSERT INTO "schema_migrations" ("version") VALUES ($1) RETURNING "version"[0m  [["version", "20171110063319"]]
  [1m[35m (0.8ms)[0m  [1m[35mCOMMIT[0m
Migrating to CreateWishlists (20171110210613)
  [1m[35m (0.6ms)[0m  [1m[35mBEGIN[0m
  [1m[35m (4.7ms)[0m  [1m[35mCREATE TABLE "wishlists" ("id" bigserial primary key, "name" character varying, "user_id" integer, "created_at" timestamp NOT NULL, "updated_at" timestamp NOT NULL)[0m
  [1m[35m (1.2ms)[0m  [1m[35mCREATE  INDEX  "index_wishlists_on_user_id" ON "wishlists"  ("user_id")[0m
  [1m[35mSQL (0.4ms)[0m  [1m[32mINSERT INTO "schema_migrations" ("version") VALUES ($1) RETURNING "version"[0m  [["version", "20171110210613"]]
  [1m[35m (0.6ms)[0m  [1m[35mCOMMIT[0m
Migrating to CreateGifts (20171110213733)
  [1m[35m (0.4ms)[0m  [1m[35mBEGIN[0m
  [1m[35m (5.4ms)[0m  [1m[35mCREATE TABLE "gifts" ("id" bigserial primary key, "name" character varying, "price" float, "url" character varying, "category" character varying, "created_at" timestamp NOT NULL, "updated_at" timestamp NOT NULL)[0m
  [1m[35mSQL (0.5ms)[0m  [1m[32mINSERT INTO "schema_migrations" ("version") VALUES ($1) RETURNING "version"[0m  [["version", "20171110213733"]]
  [1m[35m (0.6ms)[0m  [1m[35mCOMMIT[0m
Migrating to CreateWishlistItems (20171110213907)
  [1m[35m (0.4ms)[0m  [1m[35mBEGIN[0m
  [1m[35m (4.6ms)[0m  [1m[35mCREATE TABLE "wishlist_items" ("id" bigserial primary key, "wishlist_id" integer, "gift_id" integer, "created_at" timestamp NOT NULL, "updated_at" timestamp NOT NULL)[0m
  [1m[35mSQL (0.5ms)[0m  [1m[32mINSERT INTO "schema_migrations" ("version") VALUES ($1) RETURNING "version"[0m  [["version", "20171110213907"]]
  [1m[35m (0.5ms)[0m  [1m[35mCOMMIT[0m
Migrating to CreateGiftExchanges (20171110221623)
  [1m[35m (0.3ms)[0m  [1m[35mBEGIN[0m
  [1m[35m (3.3ms)[0m  [1m[35mCREATE TABLE "gift_exchanges" ("id" bigserial primary key, "recipient_id" integer NOT NULL, "sender_id" integer NOT NULL, "event_id" integer NOT NULL, "wishlist_item_id" integer, "created_at" timestamp NOT NULL, "updated_at" timestamp NOT NULL)[0m
  [1m[35mSQL (0.5ms)[0m  [1m[32mINSERT INTO "schema_migrations" ("version") VALUES ($1) RETURNING "version"[0m  [["version", "20171110221623"]]
  [1m[35m (0.5ms)[0m  [1m[35mCOMMIT[0m
  [1m[36mActiveRecord::InternalMetadata Load (0.7ms)[0m  [1m[34mSELECT  "ar_internal_metadata".* FROM "ar_internal_metadata" WHERE "ar_internal_metadata"."key" = $1 LIMIT $2[0m  [["key", "environment"], ["LIMIT", 1]]
  [1m[35m (0.4ms)[0m  [1m[35mBEGIN[0m
  [1m[35mSQL (1.1ms)[0m  [1m[32mINSERT INTO "ar_internal_metadata" ("key", "value", "created_at", "updated_at") VALUES ($1, $2, $3, $4) RETURNING "key"[0m  [["key", "environment"], ["value", "development"], ["created_at", "2017-11-14 14:21:53.719576"], ["updated_at", "2017-11-14 14:21:53.719576"]]
  [1m[35m (0.5ms)[0m  [1m[35mCOMMIT[0m
  [1m[35m (0.4ms)[0m  [1m[34mSELECT pg_advisory_unlock(6117931283012641995)[0m
  [1m[35m (0.7ms)[0m  [1m[34mSELECT "schema_migrations"."version" FROM "schema_migrations" ORDER BY "schema_migrations"."version" ASC[0m
  [1m[35m (1.2ms)[0m  [1m[34mSELECT "schema_migrations"."version" FROM "schema_migrations" ORDER BY "schema_migrations"."version" ASC[0m
  [1m[35mSQL (1.2ms)[0m  [1m[31mDELETE FROM "gift_exchanges"[0m
  [1m[35mSQL (1.1ms)[0m  [1m[31mDELETE FROM "wishlist_items"[0m
  [1m[35mSQL (0.8ms)[0m  [1m[31mDELETE FROM "gifts"[0m
  [1m[35mSQL (1.3ms)[0m  [1m[31mDELETE FROM "wishlists"[0m
  [1m[35mSQL (0.9ms)[0m  [1m[31mDELETE FROM "participations"[0m
  [1m[35mSQL (1.3ms)[0m  [1m[31mDELETE FROM "events"[0m
  [1m[35mSQL (1.3ms)[0m  [1m[31mDELETE FROM "admins"[0m
  [1m[35mSQL (0.7ms)[0m  [1m[31mDELETE FROM "users"[0m
  [1m[35m (0.3ms)[0m  [1m[35mBEGIN[0m
  [1m[36mUser Exists (0.8ms)[0m  [1m[34mSELECT  1 AS one FROM "users" WHERE "users"."email" = $1 LIMIT $2[0m  [["email", "thierry@gmail.com"], ["LIMIT", 1]]
  [1m[35mSQL (1.5ms)[0m  [1m[32mINSERT INTO "users" ("email", "encrypted_password", "first_name", "last_name", "created_at", "updated_at") VALUES ($1, $2, $3, $4, $5, $6) RETURNING "id"[0m  [["email", "thierry@gmail.com"], ["encrypted_password", "$2a$11$8TknuXbV5wBTMhd9FcmEhucGZ0OXrYlcZG.QtiQAo0YImMJHP4AoG"], ["first_name", "Thierry"], ["last_name", "test"], ["created_at", "2017-11-14 14:22:08.709901"], ["updated_at", "2017-11-14 14:22:08.709901"]]
  [1m[35m (39.6ms)[0m  [1m[35mCOMMIT[0m
  [1m[35m (0.4ms)[0m  [1m[35mBEGIN[0m
  [1m[36mUser Exists (0.9ms)[0m  [1m[34mSELECT  1 AS one FROM "users" WHERE "users"."email" = $1 LIMIT $2[0m  [["email", "catherine@gmail.com"], ["LIMIT", 1]]
  [1m[35mSQL (0.5ms)[0m  [1m[32mINSERT INTO "users" ("email", "encrypted_password", "first_name", "last_name", "created_at", "updated_at") VALUES ($1, $2, $3, $4, $5, $6) RETURNING "id"[0m  [["email", "catherine@gmail.com"], ["encrypted_password", "$2a$11$UUsqOoUTm6FUfgWneow8qOYxhIj9GTQGnKsY3OCH3TOd9ZJeMTmtu"], ["first_name", "Catherine"], ["last_name", "test"], ["created_at", "2017-11-14 14:22:08.913211"], ["updated_at", "2017-11-14 14:22:08.913211"]]
  [1m[35m (0.8ms)[0m  [1m[35mCOMMIT[0m
  [1m[35m (0.3ms)[0m  [1m[35mBEGIN[0m
  [1m[36mUser Exists (0.6ms)[0m  [1m[34mSELECT  1 AS one FROM "users" WHERE "users"."email" = $1 LIMIT $2[0m  [["email", "david@gmail.com"], ["LIMIT", 1]]
  [1m[35mSQL (0.8ms)[0m  [1m[32mINSERT INTO "users" ("email", "encrypted_password", "first_name", "last_name", "created_at", "updated_at") VALUES ($1, $2, $3, $4, $5, $6) RETURNING "id"[0m  [["email", "david@gmail.com"], ["encrypted_password", "$2a$11$ru6/B/IungRMb1oaX.Fzjub2qdYaCKa0gb57wJPNjz6oYLaUwjb82"], ["first_name", "David"], ["last_name", "test"], ["created_at", "2017-11-14 14:22:09.075298"], ["updated_at", "2017-11-14 14:22:09.075298"]]
  [1m[35m (0.4ms)[0m  [1m[35mCOMMIT[0m
  [1m[35m (0.3ms)[0m  [1m[35mBEGIN[0m
  [1m[36mUser Exists (0.6ms)[0m  [1m[34mSELECT  1 AS one FROM "users" WHERE "users"."email" = $1 LIMIT $2[0m  [["email", "andres@gmail.com"], ["LIMIT", 1]]
  [1m[35mSQL (0.7ms)[0m  [1m[32mINSERT INTO "users" ("email", "encrypted_password", "first_name", "last_name", "created_at", "updated_at") VALUES ($1, $2, $3, $4, $5, $6) RETURNING "id"[0m  [["email", "andres@gmail.com"], ["encrypted_password", "$2a$11$DlkfjZ0gyNGCagdV4cbL8uSuOjpNzTuN1D8pDwoqrElzbiH2HdgxG"], ["first_name", "Andres"], ["last_name", "test"], ["created_at", "2017-11-14 14:22:09.237566"], ["updated_at", "2017-11-14 14:22:09.237566"]]
  [1m[35m (0.5ms)[0m  [1m[35mCOMMIT[0m
  [1m[35m (0.2ms)[0m  [1m[35mBEGIN[0m
  [1m[36mUser Load (0.8ms)[0m  [1m[34mSELECT  "users".* FROM "users" WHERE "users"."id" = $1 LIMIT $2[0m  [["id", 1], ["LIMIT", 1]]
  [1m[35mSQL (2.3ms)[0m  [1m[32mINSERT INTO "events" ("id", "name", "description", "start_date", "end_date", "suggested_budget", "creator_id", "created_at", "updated_at") VALUES ($1, $2, $3, $4, $5, $6, $7, $8, $9) RETURNING "id"[0m  [["id", 1], ["name", "Secret Santa"], ["description", "Dolorem sit eos omnis. Dicta unde quis iusto. Recusandae a omnis. Tenetur aperiam velit quia natus."], ["start_date", "2017-12-14"], ["end_date", "2017-11-13"], ["suggested_budget", "92"], ["creator_id", 1], ["created_at", "2017-11-14 14:22:10.703464"], ["updated_at", "2017-11-14 14:22:10.703464"]]
  [1m[35m (39.5ms)[0m  [1m[35mCOMMIT[0m
  [1m[35m (0.2ms)[0m  [1m[35mBEGIN[0m
  [1m[36mUser Load (0.6ms)[0m  [1m[34mSELECT  "users".* FROM "users" WHERE "users"."id" = $1 LIMIT $2[0m  [["id", 1], ["LIMIT", 1]]
  [1m[36mEvent Load (0.5ms)[0m  [1m[34mSELECT  "events".* FROM "events" WHERE "events"."id" = $1 LIMIT $2[0m  [["id", 1], ["LIMIT", 1]]
  [1m[35mSQL (1.6ms)[0m  [1m[32mINSERT INTO "participations" ("participant_id", "event_id", "created_at", "updated_at") VALUES ($1, $2, $3, $4) RETURNING "id"[0m  [["participant_id", 1], ["event_id", 1], ["created_at", "2017-11-14 14:22:10.780610"], ["updated_at", "2017-11-14 14:22:10.780610"]]
  [1m[35m (0.5ms)[0m  [1m[35mCOMMIT[0m
  [1m[35m (0.2ms)[0m  [1m[35mBEGIN[0m
  [1m[36mUser Load (0.8ms)[0m  [1m[34mSELECT  "users".* FROM "users" WHERE "users"."id" = $1 LIMIT $2[0m  [["id", 2], ["LIMIT", 1]]
  [1m[36mEvent Load (0.5ms)[0m  [1m[34mSELECT  "events".* FROM "events" WHERE "events"."id" = $1 LIMIT $2[0m  [["id", 1], ["LIMIT", 1]]
  [1m[35mSQL (0.6ms)[0m  [1m[32mINSERT INTO "participations" ("participant_id", "event_id", "created_at", "updated_at") VALUES ($1, $2, $3, $4) RETURNING "id"[0m  [["participant_id", 2], ["event_id", 1], ["created_at", "2017-11-14 14:22:10.790527"], ["updated_at", "2017-11-14 14:22:10.790527"]]
  [1m[35m (0.6ms)[0m  [1m[35mCOMMIT[0m
  [1m[35m (0.1ms)[0m  [1m[35mBEGIN[0m
  [1m[36mUser Load (0.8ms)[0m  [1m[34mSELECT  "users".* FROM "users" WHERE "users"."id" = $1 LIMIT $2[0m  [["id", 3], ["LIMIT", 1]]
  [1m[36mEvent Load (0.3ms)[0m  [1m[34mSELECT  "events".* FROM "events" WHERE "events"."id" = $1 LIMIT $2[0m  [["id", 1], ["LIMIT", 1]]
  [1m[35mSQL (0.9ms)[0m  [1m[32mINSERT INTO "participations" ("participant_id", "event_id", "created_at", "updated_at") VALUES ($1, $2, $3, $4) RETURNING "id"[0m  [["participant_id", 3], ["event_id", 1], ["created_at", "2017-11-14 14:22:10.798920"], ["updated_at", "2017-11-14 14:22:10.798920"]]
  [1m[35m (0.4ms)[0m  [1m[35mCOMMIT[0m
  [1m[35m (0.1ms)[0m  [1m[35mBEGIN[0m
  [1m[36mUser Load (0.5ms)[0m  [1m[34mSELECT  "users".* FROM "users" WHERE "users"."id" = $1 LIMIT $2[0m  [["id", 4], ["LIMIT", 1]]
  [1m[36mEvent Load (0.4ms)[0m  [1m[34mSELECT  "events".* FROM "events" WHERE "events"."id" = $1 LIMIT $2[0m  [["id", 1], ["LIMIT", 1]]
  [1m[35mSQL (0.6ms)[0m  [1m[32mINSERT INTO "participations" ("participant_id", "event_id", "created_at", "updated_at") VALUES ($1, $2, $3, $4) RETURNING "id"[0m  [["participant_id", 4], ["event_id", 1], ["created_at", "2017-11-14 14:22:10.807129"], ["updated_at", "2017-11-14 14:22:10.807129"]]
  [1m[35m (0.4ms)[0m  [1m[35mCOMMIT[0m
  [1m[35m (0.2ms)[0m  [1m[35mBEGIN[0m
  [1m[36mUser Load (0.5ms)[0m  [1m[34mSELECT  "users".* FROM "users" WHERE "users"."id" = $1 LIMIT $2[0m  [["id", 1], ["LIMIT", 1]]
  [1m[35mSQL (0.9ms)[0m  [1m[32mINSERT INTO "wishlists" ("name", "user_id", "created_at", "updated_at") VALUES ($1, $2, $3, $4) RETURNING "id"[0m  [["name", "thierry's wishlist 1"], ["user_id", 1], ["created_at", "2017-11-14 14:22:10.838521"], ["updated_at", "2017-11-14 14:22:10.838521"]]
  [1m[35m (0.4ms)[0m  [1m[35mCOMMIT[0m
  [1m[35m (0.2ms)[0m  [1m[35mBEGIN[0m
  [1m[36mUser Load (0.4ms)[0m  [1m[34mSELECT  "users".* FROM "users" WHERE "users"."id" = $1 LIMIT $2[0m  [["id", 2], ["LIMIT", 1]]
  [1m[35mSQL (0.7ms)[0m  [1m[32mINSERT INTO "wishlists" ("name", "user_id", "created_at", "updated_at") VALUES ($1, $2, $3, $4) RETURNING "id"[0m  [["name", "catherine's wishlist 1"], ["user_id", 2], ["created_at", "2017-11-14 14:22:10.845611"], ["updated_at", "2017-11-14 14:22:10.845611"]]
  [1m[35m (0.4ms)[0m  [1m[35mCOMMIT[0m
  [1m[35m (0.1ms)[0m  [1m[35mBEGIN[0m
  [1m[36mUser Load (0.2ms)[0m  [1m[34mSELECT  "users".* FROM "users" WHERE "users"."id" = $1 LIMIT $2[0m  [["id", 3], ["LIMIT", 1]]
  [1m[35mSQL (0.5ms)[0m  [1m[32mINSERT INTO "wishlists" ("name", "user_id", "created_at", "updated_at") VALUES ($1, $2, $3, $4) RETURNING "id"[0m  [["name", "david's wishlist 1"], ["user_id", 3], ["created_at", "2017-11-14 14:22:10.851849"], ["updated_at", "2017-11-14 14:22:10.851849"]]
  [1m[35m (0.4ms)[0m  [1m[35mCOMMIT[0m
  [1m[35m (0.2ms)[0m  [1m[35mBEGIN[0m
  [1m[36mUser Load (0.3ms)[0m  [1m[34mSELECT  "users".* FROM "users" WHERE "users"."id" = $1 LIMIT $2[0m  [["id", 4], ["LIMIT", 1]]
  [1m[35mSQL (0.4ms)[0m  [1m[32mINSERT INTO "wishlists" ("name", "user_id", "created_at", "updated_at") VALUES ($1, $2, $3, $4) RETURNING "id"[0m  [["name", "andres' wishlist1"], ["user_id", 4], ["created_at", "2017-11-14 14:22:10.857775"], ["updated_at", "2017-11-14 14:22:10.857775"]]
  [1m[35m (0.5ms)[0m  [1m[35mCOMMIT[0m
  [1m[35m (0.3ms)[0m  [1m[35mBEGIN[0m
  [1m[35mSQL (0.9ms)[0m  [1m[32mINSERT INTO "gifts" ("name", "price", "url", "category", "created_at", "updated_at") VALUES ($1, $2, $3, $4, $5, $6) RETURNING "id"[0m  [["name", "Frying pan"], ["price", 19.99], ["url", "www.example.com"], ["category", "kitchen"], ["created_at", "2017-11-14 14:22:10.885974"], ["updated_at", "2017-11-14 14:22:10.885974"]]
  [1m[35m (0.4ms)[0m  [1m[35mCOMMIT[0m
  [1m[35m (0.2ms)[0m  [1m[35mBEGIN[0m
  [1m[35mSQL (0.7ms)[0m  [1m[32mINSERT INTO "gifts" ("name", "price", "url", "category", "created_at", "updated_at") VALUES ($1, $2, $3, $4, $5, $6) RETURNING "id"[0m  [["name", "Sauce pan"], ["price", 18.99], ["url", "www.example.com"], ["category", "kitchen"], ["created_at", "2017-11-14 14:22:10.890399"], ["updated_at", "2017-11-14 14:22:10.890399"]]
  [1m[35m (0.3ms)[0m  [1m[35mCOMMIT[0m
  [1m[35m (0.2ms)[0m  [1m[35mBEGIN[0m
  [1m[35mSQL (0.4ms)[0m  [1m[32mINSERT INTO "gifts" ("name", "price", "url", "category", "created_at", "updated_at") VALUES ($1, $2, $3, $4, $5, $6) RETURNING "id"[0m  [["name", "Wok pan"], ["price", 20.99], ["url", "www.example.com"], ["category", "kitchen"], ["created_at", "2017-11-14 14:22:10.894169"], ["updated_at", "2017-11-14 14:22:10.894169"]]
  [1m[35m (0.4ms)[0m  [1m[35mCOMMIT[0m
  [1m[35m (0.1ms)[0m  [1m[35mBEGIN[0m
  [1m[35mSQL (0.6ms)[0m  [1m[32mINSERT INTO "gifts" ("name", "price", "url", "category", "created_at", "updated_at") VALUES ($1, $2, $3, $4, $5, $6) RETURNING "id"[0m  [["name", "something pan"], ["price", 17.99], ["url", "www.example.com"], ["category", " kitchen"], ["created_at", "2017-11-14 14:22:10.897603"], ["updated_at", "2017-11-14 14:22:10.897603"]]
  [1m[35m (0.4ms)[0m  [1m[35mCOMMIT[0m
  [1m[35m (0.2ms)[0m  [1m[35mBEGIN[0m
  [1m[36mWishlist Load (0.4ms)[0m  [1m[34mSELECT  "wishlists".* FROM "wishlists" WHERE "wishlists"."id" = $1 LIMIT $2[0m  [["id", 1], ["LIMIT", 1]]
  [1m[36mGift Load (0.5ms)[0m  [1m[34mSELECT  "gifts".* FROM "gifts" WHERE "gifts"."id" = $1 LIMIT $2[0m  [["id", 1], ["LIMIT", 1]]
  [1m[35mSQL (1.1ms)[0m  [1m[32mINSERT INTO "wishlist_items" ("wishlist_id", "gift_id", "created_at", "updated_at") VALUES ($1, $2, $3, $4) RETURNING "id"[0m  [["wishlist_id", 1], ["gift_id", 1], ["created_at", "2017-11-14 14:22:10.932218"], ["updated_at", "2017-11-14 14:22:10.932218"]]
  [1m[35m (0.6ms)[0m  [1m[35mCOMMIT[0m
  [1m[35m (0.2ms)[0m  [1m[35mBEGIN[0m
  [1m[36mWishlist Load (0.4ms)[0m  [1m[34mSELECT  "wishlists".* FROM "wishlists" WHERE "wishlists"."id" = $1 LIMIT $2[0m  [["id", 2], ["LIMIT", 1]]
  [1m[36mGift Load (0.5ms)[0m  [1m[34mSELECT  "gifts".* FROM "gifts" WHERE "gifts"."id" = $1 LIMIT $2[0m  [["id", 2], ["LIMIT", 1]]
  [1m[35mSQL (0.8ms)[0m  [1m[32mINSERT INTO "wishlist_items" ("wishlist_id", "gift_id", "created_at", "updated_at") VALUES ($1, $2, $3, $4) RETURNING "id"[0m  [["wishlist_id", 2], ["gift_id", 2], ["created_at", "2017-11-14 14:22:10.940920"], ["updated_at", "2017-11-14 14:22:10.940920"]]
  [1m[35m (0.5ms)[0m  [1m[35mCOMMIT[0m
  [1m[35m (0.2ms)[0m  [1m[35mBEGIN[0m
  [1m[36mWishlist Load (0.4ms)[0m  [1m[34mSELECT  "wishlists".* FROM "wishlists" WHERE "wishlists"."id" = $1 LIMIT $2[0m  [["id", 3], ["LIMIT", 1]]
  [1m[36mGift Load (0.3ms)[0m  [1m[34mSELECT  "gifts".* FROM "gifts" WHERE "gifts"."id" = $1 LIMIT $2[0m  [["id", 3], ["LIMIT", 1]]
  [1m[35mSQL (0.5ms)[0m  [1m[32mINSERT INTO "wishlist_items" ("wishlist_id", "gift_id", "created_at", "updated_at") VALUES ($1, $2, $3, $4) RETURNING "id"[0m  [["wishlist_id", 3], ["gift_id", 3], ["created_at", "2017-11-14 14:22:10.949312"], ["updated_at", "2017-11-14 14:22:10.949312"]]
  [1m[35m (0.4ms)[0m  [1m[35mCOMMIT[0m
  [1m[35m (0.2ms)[0m  [1m[35mBEGIN[0m
  [1m[36mWishlist Load (0.6ms)[0m  [1m[34mSELECT  "wishlists".* FROM "wishlists" WHERE "wishlists"."id" = $1 LIMIT $2[0m  [["id", 1], ["LIMIT", 1]]
  [1m[36mGift Load (0.3ms)[0m  [1m[34mSELECT  "gifts".* FROM "gifts" WHERE "gifts"."id" = $1 LIMIT $2[0m  [["id", 2], ["LIMIT", 1]]
  [1m[35mSQL (0.4ms)[0m  [1m[32mINSERT INTO "wishlist_items" ("wishlist_id", "gift_id", "created_at", "updated_at") VALUES ($1, $2, $3, $4) RETURNING "id"[0m  [["wishlist_id", 1], ["gift_id", 2], ["created_at", "2017-11-14 14:22:10.956786"], ["updated_at", "2017-11-14 14:22:10.956786"]]
  [1m[35m (0.4ms)[0m  [1m[35mCOMMIT[0m
  [1m[35m (0.2ms)[0m  [1m[35mBEGIN[0m
  [1m[36mWishlist Load (0.4ms)[0m  [1m[34mSELECT  "wishlists".* FROM "wishlists" WHERE "wishlists"."id" = $1 LIMIT $2[0m  [["id", 1], ["LIMIT", 1]]
  [1m[36mGift Load (0.5ms)[0m  [1m[34mSELECT  "gifts".* FROM "gifts" WHERE "gifts"."id" = $1 LIMIT $2[0m  [["id", 3], ["LIMIT", 1]]
  [1m[35mSQL (0.5ms)[0m  [1m[32mINSERT INTO "wishlist_items" ("wishlist_id", "gift_id", "created_at", "updated_at") VALUES ($1, $2, $3, $4) RETURNING "id"[0m  [["wishlist_id", 1], ["gift_id", 3], ["created_at", "2017-11-14 14:22:10.964268"], ["updated_at", "2017-11-14 14:22:10.964268"]]
  [1m[35m (0.4ms)[0m  [1m[35mCOMMIT[0m
  [1m[35m (0.3ms)[0m  [1m[35mBEGIN[0m
  [1m[36mUser Load (0.6ms)[0m  [1m[34mSELECT  "users".* FROM "users" WHERE "users"."id" = $1 LIMIT $2[0m  [["id", 1], ["LIMIT", 1]]
  [1m[36mUser Load (0.3ms)[0m  [1m[34mSELECT  "users".* FROM "users" WHERE "users"."id" = $1 LIMIT $2[0m  [["id", 4], ["LIMIT", 1]]
  [1m[36mEvent Load (0.8ms)[0m  [1m[34mSELECT  "events".* FROM "events" WHERE "events"."id" = $1 LIMIT $2[0m  [["id", 1], ["LIMIT", 1]]
  [1m[36mWishlistItem Load (0.5ms)[0m  [1m[34mSELECT  "wishlist_items".* FROM "wishlist_items" WHERE "wishlist_items"."id" = $1 LIMIT $2[0m  [["id", 1], ["LIMIT", 1]]
  [1m[35mSQL (0.9ms)[0m  [1m[32mINSERT INTO "gift_exchanges" ("recipient_id", "sender_id", "event_id", "wishlist_item_id", "created_at", "updated_at") VALUES ($1, $2, $3, $4, $5, $6) RETURNING "id"[0m  [["recipient_id", 1], ["sender_id", 4], ["event_id", 1], ["wishlist_item_id", 1], ["created_at", "2017-11-14 14:22:11.009769"], ["updated_at", "2017-11-14 14:22:11.009769"]]
  [1m[35m (0.4ms)[0m  [1m[35mCOMMIT[0m
  [1m[35m (0.2ms)[0m  [1m[35mBEGIN[0m
  [1m[36mUser Load (0.4ms)[0m  [1m[34mSELECT  "users".* FROM "users" WHERE "users"."id" = $1 LIMIT $2[0m  [["id", 3], ["LIMIT", 1]]
  [1m[36mUser Load (0.3ms)[0m  [1m[34mSELECT  "users".* FROM "users" WHERE "users"."id" = $1 LIMIT $2[0m  [["id", 2], ["LIMIT", 1]]
  [1m[36mEvent Load (0.4ms)[0m  [1m[34mSELECT  "events".* FROM "events" WHERE "events"."id" = $1 LIMIT $2[0m  [["id", 1], ["LIMIT", 1]]
  [1m[36mWishlistItem Load (0.4ms)[0m  [1m[34mSELECT  "wishlist_items".* FROM "wishlist_items" WHERE "wishlist_items"."id" = $1 LIMIT $2[0m  [["id", 1], ["LIMIT", 1]]
  [1m[35mSQL (0.7ms)[0m  [1m[32mINSERT INTO "gift_exchanges" ("recipient_id", "sender_id", "event_id", "wishlist_item_id", "created_at", "updated_at") VALUES ($1, $2, $3, $4, $5, $6) RETURNING "id"[0m  [["recipient_id", 3], ["sender_id", 2], ["event_id", 1], ["wishlist_item_id", 1], ["created_at", "2017-11-14 14:22:11.022478"], ["updated_at", "2017-11-14 14:22:11.022478"]]
  [1m[35m (0.4ms)[0m  [1m[35mCOMMIT[0m
  [1m[35m (0.3ms)[0m  [1m[35mBEGIN[0m
  [1m[36mUser Load (0.4ms)[0m  [1m[34mSELECT  "users".* FROM "users" WHERE "users"."id" = $1 LIMIT $2[0m  [["id", 4], ["LIMIT", 1]]
  [1m[36mUser Load (0.4ms)[0m  [1m[34mSELECT  "users".* FROM "users" WHERE "users"."id" = $1 LIMIT $2[0m  [["id", 3], ["LIMIT", 1]]
  [1m[36mEvent Load (0.4ms)[0m  [1m[34mSELECT  "events".* FROM "events" WHERE "events"."id" = $1 LIMIT $2[0m  [["id", 1], ["LIMIT", 1]]
  [1m[36mWishlistItem Load (1.0ms)[0m  [1m[34mSELECT  "wishlist_items".* FROM "wishlist_items" WHERE "wishlist_items"."id" = $1 LIMIT $2[0m  [["id", 1], ["LIMIT", 1]]
  [1m[35mSQL (0.8ms)[0m  [1m[32mINSERT INTO "gift_exchanges" ("recipient_id", "sender_id", "event_id", "wishlist_item_id", "created_at", "updated_at") VALUES ($1, $2, $3, $4, $5, $6) RETURNING "id"[0m  [["recipient_id", 4], ["sender_id", 3], ["event_id", 1], ["wishlist_item_id", 1], ["created_at", "2017-11-14 14:22:11.037323"], ["updated_at", "2017-11-14 14:22:11.037323"]]
  [1m[35m (0.4ms)[0m  [1m[35mCOMMIT[0m
  [1m[35m (0.2ms)[0m  [1m[35mBEGIN[0m
  [1m[36mUser Load (0.3ms)[0m  [1m[34mSELECT  "users".* FROM "users" WHERE "users"."id" = $1 LIMIT $2[0m  [["id", 2], ["LIMIT", 1]]
  [1m[36mUser Load (0.3ms)[0m  [1m[34mSELECT  "users".* FROM "users" WHERE "users"."id" = $1 LIMIT $2[0m  [["id", 1], ["LIMIT", 1]]
  [1m[36mEvent Load (0.3ms)[0m  [1m[34mSELECT  "events".* FROM "events" WHERE "events"."id" = $1 LIMIT $2[0m  [["id", 1], ["LIMIT", 1]]
  [1m[36mWishlistItem Load (0.7ms)[0m  [1m[34mSELECT  "wishlist_items".* FROM "wishlist_items" WHERE "wishlist_items"."id" = $1 LIMIT $2[0m  [["id", 1], ["LIMIT", 1]]
  [1m[35mSQL (0.4ms)[0m  [1m[32mINSERT INTO "gift_exchanges" ("recipient_id", "sender_id", "event_id", "wishlist_item_id", "created_at", "updated_at") VALUES ($1, $2, $3, $4, $5, $6) RETURNING "id"[0m  [["recipient_id", 2], ["sender_id", 1], ["event_id", 1], ["wishlist_item_id", 1], ["created_at", "2017-11-14 14:22:11.050764"], ["updated_at", "2017-11-14 14:22:11.050764"]]
  [1m[35m (0.4ms)[0m  [1m[35mCOMMIT[0m
Started GET "/" for 127.0.0.1 at 2017-11-14 09:23:23 -0500
  [1m[35m (1.1ms)[0m  [1m[34mSELECT "schema_migrations"."version" FROM "schema_migrations" ORDER BY "schema_migrations"."version" ASC[0m
Started GET "/welcome/show" for 127.0.0.1 at 2017-11-14 09:23:23 -0500
Processing by WelcomeController#show as HTML
  Parameters: {"id"=>"show"}
Completed 401 Unauthorized in 28ms (ActiveRecord: 0.0ms)


Started GET "/users/sign_in" for 127.0.0.1 at 2017-11-14 09:23:24 -0500
Processing by Devise::SessionsController#new as HTML
  Rendering /Users/apprentice/.rbenv/versions/2.3.4/lib/ruby/gems/2.3.0/gems/devise-4.3.0/app/views/devise/sessions/new.html.erb within layouts/application
  Rendered /Users/apprentice/.rbenv/versions/2.3.4/lib/ruby/gems/2.3.0/gems/devise-4.3.0/app/views/devise/shared/_links.html.erb (2.7ms)
  Rendered /Users/apprentice/.rbenv/versions/2.3.4/lib/ruby/gems/2.3.0/gems/devise-4.3.0/app/views/devise/sessions/new.html.erb within layouts/application (29.1ms)
Completed 200 OK in 747ms (Views: 695.9ms | ActiveRecord: 10.8ms)


Started GET "/users/sign_in" for 127.0.0.1 at 2017-11-14 09:30:43 -0500
Processing by Devise::SessionsController#new as HTML
  Rendering /Users/apprentice/.rbenv/versions/2.3.4/lib/ruby/gems/2.3.0/gems/devise-4.3.0/app/views/devise/sessions/new.html.erb within layouts/application
  Rendered /Users/apprentice/.rbenv/versions/2.3.4/lib/ruby/gems/2.3.0/gems/devise-4.3.0/app/views/devise/shared/_links.html.erb (1.9ms)
  Rendered /Users/apprentice/.rbenv/versions/2.3.4/lib/ruby/gems/2.3.0/gems/devise-4.3.0/app/views/devise/sessions/new.html.erb within layouts/application (12.9ms)
Completed 200 OK in 83ms (Views: 80.3ms | ActiveRecord: 0.0ms)


Started GET "/users/sign_up" for 127.0.0.1 at 2017-11-14 09:31:04 -0500
Processing by Devise::RegistrationsController#new as HTML
  Rendering /Users/apprentice/.rbenv/versions/2.3.4/lib/ruby/gems/2.3.0/gems/devise-4.3.0/app/views/devise/registrations/new.html.erb within layouts/application
  Rendered /Users/apprentice/.rbenv/versions/2.3.4/lib/ruby/gems/2.3.0/gems/devise-4.3.0/app/views/devise/shared/_links.html.erb (2.4ms)
  Rendered /Users/apprentice/.rbenv/versions/2.3.4/lib/ruby/gems/2.3.0/gems/devise-4.3.0/app/views/devise/registrations/new.html.erb within layouts/application (14.1ms)
Completed 200 OK in 82ms (Views: 79.8ms | ActiveRecord: 0.0ms)


  [1m[35m (2.1ms)[0m  [1m[34mSELECT "schema_migrations"."version" FROM "schema_migrations" ORDER BY "schema_migrations"."version" ASC[0m
  [1m[35mSQL (1.6ms)[0m  [1m[31mDELETE FROM "gift_exchanges"[0m
  [1m[35mSQL (1.0ms)[0m  [1m[31mDELETE FROM "wishlist_items"[0m
  [1m[35mSQL (1.1ms)[0m  [1m[31mDELETE FROM "gifts"[0m
  [1m[35mSQL (1.3ms)[0m  [1m[31mDELETE FROM "wishlists"[0m
  [1m[35mSQL (1.7ms)[0m  [1m[31mDELETE FROM "participations"[0m
  [1m[35mSQL (1.7ms)[0m  [1m[31mDELETE FROM "events"[0m
  [1m[35mSQL (0.7ms)[0m  [1m[31mDELETE FROM "admins"[0m
  [1m[35mSQL (1.4ms)[0m  [1m[31mDELETE FROM "users"[0m
  [1m[35m (0.3ms)[0m  [1m[35mBEGIN[0m
  [1m[36mUser Exists (1.6ms)[0m  [1m[34mSELECT  1 AS one FROM "users" WHERE "users"."email" = $1 LIMIT $2[0m  [["email", "thierry@gmail.com"], ["LIMIT", 1]]
  [1m[35mSQL (0.8ms)[0m  [1m[32mINSERT INTO "users" ("email", "encrypted_password", "first_name", "last_name", "created_at", "updated_at") VALUES ($1, $2, $3, $4, $5, $6) RETURNING "id"[0m  [["email", "thierry@gmail.com"], ["encrypted_password", "$2a$11$ltP.3RHdFMyQRRpFDGniSOqcFRvRCzy3mnrgd4WhfknFMt3otTHPG"], ["first_name", "Thierry"], ["last_name", "test"], ["created_at", "2017-11-14 14:31:25.368724"], ["updated_at", "2017-11-14 14:31:25.368724"]]
  [1m[35m (0.5ms)[0m  [1m[35mCOMMIT[0m
  [1m[35m (0.3ms)[0m  [1m[35mBEGIN[0m
  [1m[36mUser Exists (0.7ms)[0m  [1m[34mSELECT  1 AS one FROM "users" WHERE "users"."email" = $1 LIMIT $2[0m  [["email", "catherine@gmail.com"], ["LIMIT", 1]]
  [1m[35mSQL (0.5ms)[0m  [1m[32mINSERT INTO "users" ("email", "encrypted_password", "first_name", "last_name", "created_at", "updated_at") VALUES ($1, $2, $3, $4, $5, $6) RETURNING "id"[0m  [["email", "catherine@gmail.com"], ["encrypted_password", "$2a$11$oL133Sta3cXQ4Bf0GKL7oOKbnzhrho9K8IM1FqfUsrVj/cUqz.vo2"], ["first_name", "Catherine"], ["last_name", "test"], ["created_at", "2017-11-14 14:31:25.531875"], ["updated_at", "2017-11-14 14:31:25.531875"]]
  [1m[35m (0.7ms)[0m  [1m[35mCOMMIT[0m
  [1m[35m (0.3ms)[0m  [1m[35mBEGIN[0m
  [1m[36mUser Exists (0.9ms)[0m  [1m[34mSELECT  1 AS one FROM "users" WHERE "users"."email" = $1 LIMIT $2[0m  [["email", "david@gmail.com"], ["LIMIT", 1]]
  [1m[35mSQL (0.7ms)[0m  [1m[32mINSERT INTO "users" ("email", "encrypted_password", "first_name", "last_name", "created_at", "updated_at") VALUES ($1, $2, $3, $4, $5, $6) RETURNING "id"[0m  [["email", "david@gmail.com"], ["encrypted_password", "$2a$11$sUiDEjmlCWcRPQlxB8W2te1NK3fMMRj9Tqmi1Yza8MXeocWSMlgoS"], ["first_name", "David"], ["last_name", "test"], ["created_at", "2017-11-14 14:31:25.694182"], ["updated_at", "2017-11-14 14:31:25.694182"]]
  [1m[35m (0.4ms)[0m  [1m[35mCOMMIT[0m
  [1m[35m (0.2ms)[0m  [1m[35mBEGIN[0m
  [1m[36mUser Exists (0.7ms)[0m  [1m[34mSELECT  1 AS one FROM "users" WHERE "users"."email" = $1 LIMIT $2[0m  [["email", "andres@gmail.com"], ["LIMIT", 1]]
  [1m[35mSQL (0.9ms)[0m  [1m[32mINSERT INTO "users" ("email", "encrypted_password", "first_name", "last_name", "created_at", "updated_at") VALUES ($1, $2, $3, $4, $5, $6) RETURNING "id"[0m  [["email", "andres@gmail.com"], ["encrypted_password", "$2a$11$.JDRXubZFnQImx6GQHe4Y.WxQX/jLUHfa2UdVEvdSce7WyQwzt8Du"], ["first_name", "Andres"], ["last_name", "test"], ["created_at", "2017-11-14 14:31:25.856324"], ["updated_at", "2017-11-14 14:31:25.856324"]]
  [1m[35m (0.5ms)[0m  [1m[35mCOMMIT[0m
  [1m[35m (0.3ms)[0m  [1m[35mBEGIN[0m
  [1m[36mUser Load (0.5ms)[0m  [1m[34mSELECT  "users".* FROM "users" WHERE "users"."id" = $1 LIMIT $2[0m  [["id", 1], ["LIMIT", 1]]
  [1m[35m (0.3ms)[0m  [1m[31mROLLBACK[0m
  [1m[35m (0.2ms)[0m  [1m[35mBEGIN[0m
  [1m[36mUser Load (0.6ms)[0m  [1m[34mSELECT  "users".* FROM "users" WHERE "users"."id" = $1 LIMIT $2[0m  [["id", 1], ["LIMIT", 1]]
  [1m[36mEvent Load (0.4ms)[0m  [1m[34mSELECT  "events".* FROM "events" WHERE "events"."id" = $1 LIMIT $2[0m  [["id", 1], ["LIMIT", 1]]
  [1m[35m (0.3ms)[0m  [1m[31mROLLBACK[0m
  [1m[35m (0.2ms)[0m  [1m[35mBEGIN[0m
  [1m[36mUser Load (0.4ms)[0m  [1m[34mSELECT  "users".* FROM "users" WHERE "users"."id" = $1 LIMIT $2[0m  [["id", 2], ["LIMIT", 1]]
  [1m[36mEvent Load (0.5ms)[0m  [1m[34mSELECT  "events".* FROM "events" WHERE "events"."id" = $1 LIMIT $2[0m  [["id", 1], ["LIMIT", 1]]
  [1m[35m (0.2ms)[0m  [1m[31mROLLBACK[0m
  [1m[35m (0.2ms)[0m  [1m[35mBEGIN[0m
  [1m[36mUser Load (0.8ms)[0m  [1m[34mSELECT  "users".* FROM "users" WHERE "users"."id" = $1 LIMIT $2[0m  [["id", 3], ["LIMIT", 1]]
  [1m[36mEvent Load (0.8ms)[0m  [1m[34mSELECT  "events".* FROM "events" WHERE "events"."id" = $1 LIMIT $2[0m  [["id", 1], ["LIMIT", 1]]
  [1m[35m (0.3ms)[0m  [1m[31mROLLBACK[0m
  [1m[35m (0.2ms)[0m  [1m[35mBEGIN[0m
  [1m[36mUser Load (0.6ms)[0m  [1m[34mSELECT  "users".* FROM "users" WHERE "users"."id" = $1 LIMIT $2[0m  [["id", 4], ["LIMIT", 1]]
  [1m[36mEvent Load (0.5ms)[0m  [1m[34mSELECT  "events".* FROM "events" WHERE "events"."id" = $1 LIMIT $2[0m  [["id", 1], ["LIMIT", 1]]
  [1m[35m (0.2ms)[0m  [1m[31mROLLBACK[0m
  [1m[35m (0.3ms)[0m  [1m[35mBEGIN[0m
  [1m[36mUser Load (0.8ms)[0m  [1m[34mSELECT  "users".* FROM "users" WHERE "users"."id" = $1 LIMIT $2[0m  [["id", 5], ["LIMIT", 1]]
  [1m[35mSQL (1.2ms)[0m  [1m[32mINSERT INTO "wishlists" ("name", "user_id", "created_at", "updated_at") VALUES ($1, $2, $3, $4) RETURNING "id"[0m  [["name", "thierry's wishlist 1"], ["user_id", 5], ["created_at", "2017-11-14 14:31:27.305194"], ["updated_at", "2017-11-14 14:31:27.305194"]]
  [1m[35m (0.5ms)[0m  [1m[35mCOMMIT[0m
  [1m[35m (0.2ms)[0m  [1m[35mBEGIN[0m
  [1m[36mUser Load (0.3ms)[0m  [1m[34mSELECT  "users".* FROM "users" WHERE "users"."id" = $1 LIMIT $2[0m  [["id", 6], ["LIMIT", 1]]
  [1m[35mSQL (0.8ms)[0m  [1m[32mINSERT INTO "wishlists" ("name", "user_id", "created_at", "updated_at") VALUES ($1, $2, $3, $4) RETURNING "id"[0m  [["name", "catherine's wishlist 1"], ["user_id", 6], ["created_at", "2017-11-14 14:31:27.312395"], ["updated_at", "2017-11-14 14:31:27.312395"]]
  [1m[35m (0.4ms)[0m  [1m[35mCOMMIT[0m
  [1m[35m (0.2ms)[0m  [1m[35mBEGIN[0m
  [1m[36mUser Load (0.3ms)[0m  [1m[34mSELECT  "users".* FROM "users" WHERE "users"."id" = $1 LIMIT $2[0m  [["id", 7], ["LIMIT", 1]]
  [1m[35mSQL (0.4ms)[0m  [1m[32mINSERT INTO "wishlists" ("name", "user_id", "created_at", "updated_at") VALUES ($1, $2, $3, $4) RETURNING "id"[0m  [["name", "david's wishlist 1"], ["user_id", 7], ["created_at", "2017-11-14 14:31:27.318510"], ["updated_at", "2017-11-14 14:31:27.318510"]]
  [1m[35m (0.4ms)[0m  [1m[35mCOMMIT[0m
  [1m[35m (0.1ms)[0m  [1m[35mBEGIN[0m
  [1m[36mUser Load (0.7ms)[0m  [1m[34mSELECT  "users".* FROM "users" WHERE "users"."id" = $1 LIMIT $2[0m  [["id", 8], ["LIMIT", 1]]
  [1m[35mSQL (0.4ms)[0m  [1m[32mINSERT INTO "wishlists" ("name", "user_id", "created_at", "updated_at") VALUES ($1, $2, $3, $4) RETURNING "id"[0m  [["name", "andres' wishlist1"], ["user_id", 8], ["created_at", "2017-11-14 14:31:27.324390"], ["updated_at", "2017-11-14 14:31:27.324390"]]
  [1m[35m (0.6ms)[0m  [1m[35mCOMMIT[0m
  [1m[35m (0.3ms)[0m  [1m[35mBEGIN[0m
  [1m[35mSQL (1.1ms)[0m  [1m[32mINSERT INTO "gifts" ("name", "price", "url", "category", "created_at", "updated_at") VALUES ($1, $2, $3, $4, $5, $6) RETURNING "id"[0m  [["name", "Frying pan"], ["price", 19.99], ["url", "www.example.com"], ["category", "kitchen"], ["created_at", "2017-11-14 14:31:27.353004"], ["updated_at", "2017-11-14 14:31:27.353004"]]
  [1m[35m (0.5ms)[0m  [1m[35mCOMMIT[0m
  [1m[35m (0.3ms)[0m  [1m[35mBEGIN[0m
  [1m[35mSQL (0.8ms)[0m  [1m[32mINSERT INTO "gifts" ("name", "price", "url", "category", "created_at", "updated_at") VALUES ($1, $2, $3, $4, $5, $6) RETURNING "id"[0m  [["name", "Sauce pan"], ["price", 18.99], ["url", "www.example.com"], ["category", "kitchen"], ["created_at", "2017-11-14 14:31:27.358336"], ["updated_at", "2017-11-14 14:31:27.358336"]]
  [1m[35m (0.4ms)[0m  [1m[35mCOMMIT[0m
  [1m[35m (0.1ms)[0m  [1m[35mBEGIN[0m
  [1m[35mSQL (0.6ms)[0m  [1m[32mINSERT INTO "gifts" ("name", "price", "url", "category", "created_at", "updated_at") VALUES ($1, $2, $3, $4, $5, $6) RETURNING "id"[0m  [["name", "Wok pan"], ["price", 20.99], ["url", "www.example.com"], ["category", "kitchen"], ["created_at", "2017-11-14 14:31:27.362793"], ["updated_at", "2017-11-14 14:31:27.362793"]]
  [1m[35m (0.4ms)[0m  [1m[35mCOMMIT[0m
  [1m[35m (0.2ms)[0m  [1m[35mBEGIN[0m
  [1m[35mSQL (0.5ms)[0m  [1m[32mINSERT INTO "gifts" ("name", "price", "url", "category", "created_at", "updated_at") VALUES ($1, $2, $3, $4, $5, $6) RETURNING "id"[0m  [["name", "something pan"], ["price", 17.99], ["url", "www.example.com"], ["category", " kitchen"], ["created_at", "2017-11-14 14:31:27.366616"], ["updated_at", "2017-11-14 14:31:27.366616"]]
  [1m[35m (0.4ms)[0m  [1m[35mCOMMIT[0m
  [1m[35m (0.4ms)[0m  [1m[35mBEGIN[0m
  [1m[36mWishlist Load (0.6ms)[0m  [1m[34mSELECT  "wishlists".* FROM "wishlists" WHERE "wishlists"."id" = $1 LIMIT $2[0m  [["id", 5], ["LIMIT", 1]]
  [1m[36mGift Load (0.4ms)[0m  [1m[34mSELECT  "gifts".* FROM "gifts" WHERE "gifts"."id" = $1 LIMIT $2[0m  [["id", 5], ["LIMIT", 1]]
  [1m[35mSQL (0.6ms)[0m  [1m[32mINSERT INTO "wishlist_items" ("wishlist_id", "gift_id", "created_at", "updated_at") VALUES ($1, $2, $3, $4) RETURNING "id"[0m  [["wishlist_id", 5], ["gift_id", 5], ["created_at", "2017-11-14 14:31:27.401265"], ["updated_at", "2017-11-14 14:31:27.401265"]]
  [1m[35m (0.5ms)[0m  [1m[35mCOMMIT[0m
  [1m[35m (0.2ms)[0m  [1m[35mBEGIN[0m
  [1m[36mWishlist Load (0.7ms)[0m  [1m[34mSELECT  "wishlists".* FROM "wishlists" WHERE "wishlists"."id" = $1 LIMIT $2[0m  [["id", 6], ["LIMIT", 1]]
  [1m[36mGift Load (0.5ms)[0m  [1m[34mSELECT  "gifts".* FROM "gifts" WHERE "gifts"."id" = $1 LIMIT $2[0m  [["id", 6], ["LIMIT", 1]]
  [1m[35mSQL (0.7ms)[0m  [1m[32mINSERT INTO "wishlist_items" ("wishlist_id", "gift_id", "created_at", "updated_at") VALUES ($1, $2, $3, $4) RETURNING "id"[0m  [["wishlist_id", 6], ["gift_id", 6], ["created_at", "2017-11-14 14:31:27.409610"], ["updated_at", "2017-11-14 14:31:27.409610"]]
  [1m[35m (0.5ms)[0m  [1m[35mCOMMIT[0m
  [1m[35m (0.1ms)[0m  [1m[35mBEGIN[0m
  [1m[36mWishlist Load (0.8ms)[0m  [1m[34mSELECT  "wishlists".* FROM "wishlists" WHERE "wishlists"."id" = $1 LIMIT $2[0m  [["id", 7], ["LIMIT", 1]]
  [1m[36mGift Load (0.4ms)[0m  [1m[34mSELECT  "gifts".* FROM "gifts" WHERE "gifts"."id" = $1 LIMIT $2[0m  [["id", 7], ["LIMIT", 1]]
  [1m[35mSQL (0.7ms)[0m  [1m[32mINSERT INTO "wishlist_items" ("wishlist_id", "gift_id", "created_at", "updated_at") VALUES ($1, $2, $3, $4) RETURNING "id"[0m  [["wishlist_id", 7], ["gift_id", 7], ["created_at", "2017-11-14 14:31:27.417786"], ["updated_at", "2017-11-14 14:31:27.417786"]]
  [1m[35m (0.4ms)[0m  [1m[35mCOMMIT[0m
  [1m[35m (0.2ms)[0m  [1m[35mBEGIN[0m
  [1m[36mWishlist Load (0.4ms)[0m  [1m[34mSELECT  "wishlists".* FROM "wishlists" WHERE "wishlists"."id" = $1 LIMIT $2[0m  [["id", 5], ["LIMIT", 1]]
  [1m[36mGift Load (0.8ms)[0m  [1m[34mSELECT  "gifts".* FROM "gifts" WHERE "gifts"."id" = $1 LIMIT $2[0m  [["id", 6], ["LIMIT", 1]]
  [1m[35mSQL (0.7ms)[0m  [1m[32mINSERT INTO "wishlist_items" ("wishlist_id", "gift_id", "created_at", "updated_at") VALUES ($1, $2, $3, $4) RETURNING "id"[0m  [["wishlist_id", 5], ["gift_id", 6], ["created_at", "2017-11-14 14:31:27.426066"], ["updated_at", "2017-11-14 14:31:27.426066"]]
  [1m[35m (0.4ms)[0m  [1m[35mCOMMIT[0m
  [1m[35m (0.2ms)[0m  [1m[35mBEGIN[0m
  [1m[36mWishlist Load (0.6ms)[0m  [1m[34mSELECT  "wishlists".* FROM "wishlists" WHERE "wishlists"."id" = $1 LIMIT $2[0m  [["id", 5], ["LIMIT", 1]]
  [1m[36mGift Load (0.3ms)[0m  [1m[34mSELECT  "gifts".* FROM "gifts" WHERE "gifts"."id" = $1 LIMIT $2[0m  [["id", 7], ["LIMIT", 1]]
  [1m[35mSQL (0.4ms)[0m  [1m[32mINSERT INTO "wishlist_items" ("wishlist_id", "gift_id", "created_at", "updated_at") VALUES ($1, $2, $3, $4) RETURNING "id"[0m  [["wishlist_id", 5], ["gift_id", 7], ["created_at", "2017-11-14 14:31:27.433885"], ["updated_at", "2017-11-14 14:31:27.433885"]]
  [1m[35m (0.4ms)[0m  [1m[35mCOMMIT[0m
  [1m[35m (0.2ms)[0m  [1m[35mBEGIN[0m
  [1m[36mUser Load (0.4ms)[0m  [1m[34mSELECT  "users".* FROM "users" WHERE "users"."id" = $1 LIMIT $2[0m  [["id", 1], ["LIMIT", 1]]
  [1m[36mUser Load (0.3ms)[0m  [1m[34mSELECT  "users".* FROM "users" WHERE "users"."id" = $1 LIMIT $2[0m  [["id", 4], ["LIMIT", 1]]
  [1m[36mEvent Load (0.5ms)[0m  [1m[34mSELECT  "events".* FROM "events" WHERE "events"."id" = $1 LIMIT $2[0m  [["id", 1], ["LIMIT", 1]]
  [1m[36mWishlistItem Load (0.5ms)[0m  [1m[34mSELECT  "wishlist_items".* FROM "wishlist_items" WHERE "wishlist_items"."id" = $1 LIMIT $2[0m  [["id", 1], ["LIMIT", 1]]
  [1m[35m (0.5ms)[0m  [1m[31mROLLBACK[0m
  [1m[35m (0.2ms)[0m  [1m[35mBEGIN[0m
  [1m[36mUser Load (0.3ms)[0m  [1m[34mSELECT  "users".* FROM "users" WHERE "users"."id" = $1 LIMIT $2[0m  [["id", 3], ["LIMIT", 1]]
  [1m[36mUser Load (0.3ms)[0m  [1m[34mSELECT  "users".* FROM "users" WHERE "users"."id" = $1 LIMIT $2[0m  [["id", 2], ["LIMIT", 1]]
  [1m[36mEvent Load (0.4ms)[0m  [1m[34mSELECT  "events".* FROM "events" WHERE "events"."id" = $1 LIMIT $2[0m  [["id", 1], ["LIMIT", 1]]
  [1m[36mWishlistItem Load (0.3ms)[0m  [1m[34mSELECT  "wishlist_items".* FROM "wishlist_items" WHERE "wishlist_items"."id" = $1 LIMIT $2[0m  [["id", 1], ["LIMIT", 1]]
  [1m[35m (0.2ms)[0m  [1m[31mROLLBACK[0m
  [1m[35m (0.2ms)[0m  [1m[35mBEGIN[0m
  [1m[36mUser Load (0.2ms)[0m  [1m[34mSELECT  "users".* FROM "users" WHERE "users"."id" = $1 LIMIT $2[0m  [["id", 4], ["LIMIT", 1]]
  [1m[36mUser Load (0.3ms)[0m  [1m[34mSELECT  "users".* FROM "users" WHERE "users"."id" = $1 LIMIT $2[0m  [["id", 3], ["LIMIT", 1]]
  [1m[36mEvent Load (0.5ms)[0m  [1m[34mSELECT  "events".* FROM "events" WHERE "events"."id" = $1 LIMIT $2[0m  [["id", 1], ["LIMIT", 1]]
  [1m[36mWishlistItem Load (0.6ms)[0m  [1m[34mSELECT  "wishlist_items".* FROM "wishlist_items" WHERE "wishlist_items"."id" = $1 LIMIT $2[0m  [["id", 1], ["LIMIT", 1]]
  [1m[35m (0.3ms)[0m  [1m[31mROLLBACK[0m
  [1m[35m (0.2ms)[0m  [1m[35mBEGIN[0m
  [1m[36mUser Load (0.4ms)[0m  [1m[34mSELECT  "users".* FROM "users" WHERE "users"."id" = $1 LIMIT $2[0m  [["id", 2], ["LIMIT", 1]]
  [1m[36mUser Load (0.4ms)[0m  [1m[34mSELECT  "users".* FROM "users" WHERE "users"."id" = $1 LIMIT $2[0m  [["id", 1], ["LIMIT", 1]]
  [1m[36mEvent Load (0.3ms)[0m  [1m[34mSELECT  "events".* FROM "events" WHERE "events"."id" = $1 LIMIT $2[0m  [["id", 1], ["LIMIT", 1]]
  [1m[36mWishlistItem Load (0.3ms)[0m  [1m[34mSELECT  "wishlist_items".* FROM "wishlist_items" WHERE "wishlist_items"."id" = $1 LIMIT $2[0m  [["id", 1], ["LIMIT", 1]]
  [1m[35m (0.2ms)[0m  [1m[31mROLLBACK[0m
Started GET "/" for 127.0.0.1 at 2017-11-14 09:32:15 -0500
Started GET "/welcome/show" for 127.0.0.1 at 2017-11-14 09:32:15 -0500
Processing by WelcomeController#show as HTML
  Parameters: {"id"=>"show"}
Completed 401 Unauthorized in 1ms (ActiveRecord: 0.0ms)


Started GET "/users/sign_in" for 127.0.0.1 at 2017-11-14 09:32:15 -0500
Processing by Devise::SessionsController#new as HTML
  Rendering /Users/apprentice/.rbenv/versions/2.3.4/lib/ruby/gems/2.3.0/gems/devise-4.3.0/app/views/devise/sessions/new.html.erb within layouts/application
  Rendered /Users/apprentice/.rbenv/versions/2.3.4/lib/ruby/gems/2.3.0/gems/devise-4.3.0/app/views/devise/shared/_links.html.erb (1.9ms)
  Rendered /Users/apprentice/.rbenv/versions/2.3.4/lib/ruby/gems/2.3.0/gems/devise-4.3.0/app/views/devise/sessions/new.html.erb within layouts/application (12.1ms)
Completed 200 OK in 70ms (Views: 67.7ms | ActiveRecord: 0.0ms)


Started GET "/" for 127.0.0.1 at 2017-11-14 09:32:17 -0500
Started GET "/welcome/show" for 127.0.0.1 at 2017-11-14 09:32:17 -0500
Processing by WelcomeController#show as HTML
  Parameters: {"id"=>"show"}
Completed 401 Unauthorized in 1ms (ActiveRecord: 0.0ms)


Started GET "/users/sign_in" for 127.0.0.1 at 2017-11-14 09:32:17 -0500
Processing by Devise::SessionsController#new as HTML
  Rendering /Users/apprentice/.rbenv/versions/2.3.4/lib/ruby/gems/2.3.0/gems/devise-4.3.0/app/views/devise/sessions/new.html.erb within layouts/application
  Rendered /Users/apprentice/.rbenv/versions/2.3.4/lib/ruby/gems/2.3.0/gems/devise-4.3.0/app/views/devise/shared/_links.html.erb (1.4ms)
  Rendered /Users/apprentice/.rbenv/versions/2.3.4/lib/ruby/gems/2.3.0/gems/devise-4.3.0/app/views/devise/sessions/new.html.erb within layouts/application (11.2ms)
Completed 200 OK in 83ms (Views: 80.5ms | ActiveRecord: 0.0ms)


Started GET "/users/sign_in" for 127.0.0.1 at 2017-11-14 09:32:18 -0500
Processing by Devise::SessionsController#new as HTML
  Rendering /Users/apprentice/.rbenv/versions/2.3.4/lib/ruby/gems/2.3.0/gems/devise-4.3.0/app/views/devise/sessions/new.html.erb within layouts/application
  Rendered /Users/apprentice/.rbenv/versions/2.3.4/lib/ruby/gems/2.3.0/gems/devise-4.3.0/app/views/devise/shared/_links.html.erb (2.1ms)
  Rendered /Users/apprentice/.rbenv/versions/2.3.4/lib/ruby/gems/2.3.0/gems/devise-4.3.0/app/views/devise/sessions/new.html.erb within layouts/application (18.0ms)
Completed 200 OK in 89ms (Views: 86.4ms | ActiveRecord: 0.0ms)


Started POST "/users/sign_in" for 127.0.0.1 at 2017-11-14 09:32:30 -0500
Processing by Devise::SessionsController#create as HTML
  Parameters: {"utf8"=>"✓", "authenticity_token"=>"obBsijw19ByHF0OPg+1wmrj7OvsnHGAGpofH93JEJEkoTiArfojfVe1AvsG8EDQjuUqjyyJhBK/JouH/eyNXuw==", "user"=>{"email"=>"andres@gmail.com", "password"=>"[FILTERED]", "remember_me"=>"0"}, "commit"=>"Log in"}
  [1m[36mUser Load (2.0ms)[0m  [1m[34mSELECT  "users".* FROM "users" WHERE "users"."email" = $1 ORDER BY "users"."id" ASC LIMIT $2[0m  [["email", "andres@gmail.com"], ["LIMIT", 1]]
Completed 401 Unauthorized in 180ms (ActiveRecord: 2.0ms)


Processing by Devise::SessionsController#new as HTML
  Parameters: {"utf8"=>"✓", "authenticity_token"=>"obBsijw19ByHF0OPg+1wmrj7OvsnHGAGpofH93JEJEkoTiArfojfVe1AvsG8EDQjuUqjyyJhBK/JouH/eyNXuw==", "user"=>{"email"=>"andres@gmail.com", "password"=>"[FILTERED]", "remember_me"=>"0"}, "commit"=>"Log in"}
  Rendering /Users/apprentice/.rbenv/versions/2.3.4/lib/ruby/gems/2.3.0/gems/devise-4.3.0/app/views/devise/sessions/new.html.erb within layouts/application
  Rendered /Users/apprentice/.rbenv/versions/2.3.4/lib/ruby/gems/2.3.0/gems/devise-4.3.0/app/views/devise/shared/_links.html.erb (1.8ms)
  Rendered /Users/apprentice/.rbenv/versions/2.3.4/lib/ruby/gems/2.3.0/gems/devise-4.3.0/app/views/devise/sessions/new.html.erb within layouts/application (12.0ms)
Completed 200 OK in 269ms (Views: 111.0ms | ActiveRecord: 0.0ms)


Started POST "/users/sign_in" for 127.0.0.1 at 2017-11-14 09:32:38 -0500
Processing by Devise::SessionsController#create as HTML
  Parameters: {"utf8"=>"✓", "authenticity_token"=>"DmOSiWog1qRZImb2Z27IH/IrqBDw871GMfvl60+E4stvM6RcTAuLah+BPf4qA8/5moo1jRDLZFlQfr4UsxLY4A==", "user"=>{"email"=>"andres@gmail.com", "password"=>"[FILTERED]", "remember_me"=>"0"}, "commit"=>"Log in"}
  [1m[36mUser Load (1.0ms)[0m  [1m[34mSELECT  "users".* FROM "users" WHERE "users"."email" = $1 ORDER BY "users"."id" ASC LIMIT $2[0m  [["email", "andres@gmail.com"], ["LIMIT", 1]]
  [1m[35m (0.4ms)[0m  [1m[35mBEGIN[0m
  [1m[35mSQL (40.9ms)[0m  [1m[33mUPDATE "users" SET "current_sign_in_at" = $1, "last_sign_in_at" = $2, "current_sign_in_ip" = $3, "last_sign_in_ip" = $4, "sign_in_count" = $5, "updated_at" = $6 WHERE "users"."id" = $7[0m  [["current_sign_in_at", "2017-11-14 14:32:38.821540"], ["last_sign_in_at", "2017-11-14 14:32:38.821540"], ["current_sign_in_ip", "127.0.0.1/32"], ["last_sign_in_ip", "127.0.0.1/32"], ["sign_in_count", 1], ["updated_at", "2017-11-14 14:32:38.823861"], ["id", 8]]
  [1m[35m (0.7ms)[0m  [1m[35mCOMMIT[0m
Redirected to http://localhost:3000/welcome/show
Completed 302 Found in 235ms (ActiveRecord: 43.0ms)


Started GET "/welcome/show" for 127.0.0.1 at 2017-11-14 09:32:38 -0500
Processing by WelcomeController#show as HTML
  Parameters: {"id"=>"show"}
  [1m[36mUser Load (0.6ms)[0m  [1m[34mSELECT  "users".* FROM "users" WHERE "users"."id" = $1 ORDER BY "users"."id" ASC LIMIT $2[0m  [["id", 8], ["LIMIT", 1]]
  Rendering welcome/show.html.erb within layouts/application
  Rendered welcome/show.html.erb within layouts/application (0.8ms)
Completed 200 OK in 67ms (Views: 59.9ms | ActiveRecord: 0.6ms)


Started GET "/wishlists" for 127.0.0.1 at 2017-11-14 09:32:50 -0500
Processing by WishlistsController#index as HTML
  [1m[36mUser Load (1.3ms)[0m  [1m[34mSELECT  "users".* FROM "users" WHERE "users"."id" = $1 ORDER BY "users"."id" ASC LIMIT $2[0m  [["id", 8], ["LIMIT", 1]]
  Rendering wishlists/index.html.erb within layouts/application
  [1m[36mWishlist Load (0.7ms)[0m  [1m[34mSELECT "wishlists".* FROM "wishlists" WHERE "wishlists"."user_id" = $1[0m  [["user_id", 8]]
  [1m[36mGift Load (1.0ms)[0m  [1m[34mSELECT "gifts".* FROM "gifts" INNER JOIN "wishlist_items" ON "gifts"."id" = "wishlist_items"."gift_id" WHERE "wishlist_items"."wishlist_id" = $1[0m  [["wishlist_id", 8]]
  Rendered wishlists/index.html.erb within layouts/application (157.5ms)
Completed 200 OK in 252ms (Views: 194.7ms | ActiveRecord: 20.1ms)


Started GET "/gifts/new" for 127.0.0.1 at 2017-11-14 09:33:08 -0500
Processing by GiftsController#new as HTML
  [1m[36mUser Load (2.9ms)[0m  [1m[34mSELECT  "users".* FROM "users" WHERE "users"."id" = $1 ORDER BY "users"."id" ASC LIMIT $2[0m  [["id", 8], ["LIMIT", 1]]
  Rendering gifts/new.html.erb within layouts/application
  Rendered gifts/_form.html.erb (5.5ms)
  Rendered gifts/new.html.erb within layouts/application (9.2ms)
Completed 200 OK in 101ms (Views: 67.6ms | ActiveRecord: 2.9ms)


Started POST "/gifts" for 127.0.0.1 at 2017-11-14 09:33:26 -0500
Processing by GiftsController#create as HTML
  Parameters: {"utf8"=>"✓", "authenticity_token"=>"M5DeuEtbsfhZUnDrx5BRPrmOxippyfns0tqoAVtOCUWjz2lgb2S5Kloz8C7/M/TDNAv0zm7DLSBR8sLHG6LKbw==", "gift"=>{"keyword"=>"Pig"}, "commit"=>"Create Gift"}
  [1m[36mUser Load (4.6ms)[0m  [1m[34mSELECT  "users".* FROM "users" WHERE "users"."id" = $1 ORDER BY "users"."id" ASC LIMIT $2[0m  [["id", 8], ["LIMIT", 1]]
Unpermitted parameter: :keyword
Unpermitted parameter: :keyword
Completed 406 Not Acceptable in 25ms (ActiveRecord: 4.6ms)


  
ActionController::UnknownFormat (ActionController::UnknownFormat):
  
app/controllers/gifts_controller.rb:41:in `create'
