Started GET "/wishlists" for 127.0.0.1 at 2017-11-13 17:02:39 -0500
  [1m[35m (1.2ms)[0m  [1m[34mSELECT "schema_migrations"."version" FROM "schema_migrations" ORDER BY "schema_migrations"."version" ASC[0m
Processing by WishlistsController#index as HTML
  [1m[36mUser Load (1.2ms)[0m  [1m[34mSELECT  "users".* FROM "users" WHERE "users"."id" = $1 ORDER BY "users"."id" ASC LIMIT $2[0m  [["id", 8], ["LIMIT", 1]]
  Rendering wishlists/index.html.erb within layouts/application
  [1m[36mWishlist Load (0.7ms)[0m  [1m[34mSELECT "wishlists".* FROM "wishlists"[0m
  Rendered wishlists/index.html.erb within layouts/application (62.4ms)
Completed 200 OK in 3472ms (Views: 3320.3ms | ActiveRecord: 12.9ms)


Started GET "/wishlists/5" for 127.0.0.1 at 2017-11-13 17:02:46 -0500
Processing by WishlistsController#show as HTML
  Parameters: {"id"=>"5"}
  [1m[36mUser Load (15.9ms)[0m  [1m[34mSELECT  "users".* FROM "users" WHERE "users"."id" = $1 ORDER BY "users"."id" ASC LIMIT $2[0m  [["id", 8], ["LIMIT", 1]]
  [1m[36mWishlist Load (0.4ms)[0m  [1m[34mSELECT  "wishlists".* FROM "wishlists" WHERE "wishlists"."id" = $1 LIMIT $2[0m  [["id", 5], ["LIMIT", 1]]
  Rendering wishlists/show.html.erb within layouts/application
  Rendered wishlists/show.html.erb within layouts/application (1.5ms)
Completed 200 OK in 168ms (Views: 43.3ms | ActiveRecord: 16.6ms)


Started GET "/wishlists" for 127.0.0.1 at 2017-11-13 17:02:49 -0500
Processing by WishlistsController#index as HTML
  [1m[36mUser Load (2.1ms)[0m  [1m[34mSELECT  "users".* FROM "users" WHERE "users"."id" = $1 ORDER BY "users"."id" ASC LIMIT $2[0m  [["id", 8], ["LIMIT", 1]]
  Rendering wishlists/index.html.erb within layouts/application
  [1m[36mWishlist Load (0.5ms)[0m  [1m[34mSELECT "wishlists".* FROM "wishlists"[0m
  Rendered wishlists/index.html.erb within layouts/application (8.0ms)
Completed 200 OK in 137ms (Views: 118.5ms | ActiveRecord: 2.5ms)


Started GET "/wishlists" for 127.0.0.1 at 2017-11-13 17:02:52 -0500
Processing by WishlistsController#index as HTML
  [1m[36mUser Load (0.5ms)[0m  [1m[34mSELECT  "users".* FROM "users" WHERE "users"."id" = $1 ORDER BY "users"."id" ASC LIMIT $2[0m  [["id", 8], ["LIMIT", 1]]
  Rendering wishlists/index.html.erb within layouts/application
  [1m[36mWishlist Load (0.5ms)[0m  [1m[34mSELECT "wishlists".* FROM "wishlists"[0m
  Rendered wishlists/index.html.erb within layouts/application (4.1ms)
Completed 200 OK in 55ms (Views: 48.0ms | ActiveRecord: 1.0ms)


Started GET "/" for 127.0.0.1 at 2017-11-13 17:02:56 -0500
Started GET "/welcome/show" for 127.0.0.1 at 2017-11-13 17:02:56 -0500
Processing by WelcomeController#show as HTML
  Parameters: {"id"=>"show"}
  [1m[36mUser Load (0.5ms)[0m  [1m[34mSELECT  "users".* FROM "users" WHERE "users"."id" = $1 ORDER BY "users"."id" ASC LIMIT $2[0m  [["id", 8], ["LIMIT", 1]]
  Rendering welcome/show.html.erb within layouts/application
  Rendered welcome/show.html.erb within layouts/application (0.9ms)
Completed 200 OK in 55ms (Views: 47.5ms | ActiveRecord: 0.5ms)


Started GET "/wishlists/5" for 127.0.0.1 at 2017-11-13 17:03:13 -0500
Processing by WishlistsController#show as HTML
  Parameters: {"id"=>"5"}
  [1m[36mUser Load (0.5ms)[0m  [1m[34mSELECT  "users".* FROM "users" WHERE "users"."id" = $1 ORDER BY "users"."id" ASC LIMIT $2[0m  [["id", 8], ["LIMIT", 1]]
  [1m[36mWishlist Load (0.4ms)[0m  [1m[34mSELECT  "wishlists".* FROM "wishlists" WHERE "wishlists"."id" = $1 LIMIT $2[0m  [["id", 5], ["LIMIT", 1]]
  Rendering wishlists/show.html.erb within layouts/application
  Rendered wishlists/show.html.erb within layouts/application (1.1ms)
Completed 200 OK in 62ms (Views: 40.7ms | ActiveRecord: 0.9ms)


Started GET "/welcome/show" for 127.0.0.1 at 2017-11-13 17:03:17 -0500
Processing by WelcomeController#show as HTML
  Parameters: {"id"=>"show"}
  [1m[36mUser Load (1.4ms)[0m  [1m[34mSELECT  "users".* FROM "users" WHERE "users"."id" = $1 ORDER BY "users"."id" ASC LIMIT $2[0m  [["id", 8], ["LIMIT", 1]]
  Rendering welcome/show.html.erb within layouts/application
  Rendered welcome/show.html.erb within layouts/application (0.5ms)
Completed 200 OK in 64ms (Views: 41.2ms | ActiveRecord: 1.4ms)


